<?xml version="1.0" encoding="UTF-8"?>
<testsuite name="DdayTest" tests="6" skipped="0" failures="0" errors="0" timestamp="2020-06-08T13:50:33" hostname="DESKTOP-735IB60" time="0.625">
  <properties/>
  <testcase name="confirmDdayTest()" classname="DdayTest" time="0.388"/>
  <testcase name="moveCursor_Dday_Test()" classname="DdayTest" time="0.07"/>
  <testcase name="showNextDdayTest()" classname="DdayTest" time="0.024"/>
  <testcase name="plusDayTest()" classname="DdayTest" time="0.06"/>
  <testcase name="setDdayTest()" classname="DdayTest" time="0.029"/>
  <testcase name="deleteDdayTest()" classname="DdayTest" time="0.044"/>
  <system-out><![CDATA[]]></system-out>
  <system-err><![CDATA[]]></system-err>
</testsuite>
