<?xml version="1.0" encoding="UTF-8"?>
<testsuite name="StopWatchTest" tests="6" skipped="0" failures="0" errors="0" timestamp="2020-06-19T07:58:27" hostname="LAPTOP-NPPNG1NK" time="0.466">
  <properties/>
  <testcase name="getStopWatchTestInOFF()" classname="StopWatchTest" time="0.123"/>
  <testcase name="stopStopWatchTest()" classname="StopWatchTest" time="0.295"/>
  <testcase name="resetStopWatchTest()" classname="StopWatchTest" time="0.01"/>
  <testcase name="startStopWatchTest()" classname="StopWatchTest" time="0.01"/>
  <testcase name="storeLapTimeTest()" classname="StopWatchTest" time="0.005"/>
  <testcase name="getStopWatchTestInON()" classname="StopWatchTest" time="0.004"/>
  <system-out><![CDATA[]]></system-out>
  <system-err><![CDATA[]]></system-err>
</testsuite>
