<?xml version="1.0" encoding="UTF-8"?>
<testsuite name="DdayTest" tests="1" skipped="0" failures="0" errors="0" timestamp="2020-06-06T13:09:50" hostname="LAPTOP-NPPNG1NK" time="0.806">
  <properties/>
  <testcase name="confirmDdayTest()" classname="DdayTest" time="0.806"/>
  <system-out><![CDATA[]]></system-out>
  <system-err><![CDATA[]]></system-err>
</testsuite>
