<?xml version="1.0" encoding="UTF-8"?>
<testsuite name="DdayTest" tests="6" skipped="0" failures="0" errors="0" timestamp="2020-06-19T08:11:28" hostname="LAPTOP-NPPNG1NK" time="0.463">
  <properties/>
  <testcase name="confirmDdayTest()" classname="DdayTest" time="0.424"/>
  <testcase name="moveCursor_Dday_Test()" classname="DdayTest" time="0.013"/>
  <testcase name="showNextDdayTest()" classname="DdayTest" time="0.003"/>
  <testcase name="plusDayTest()" classname="DdayTest" time="0.003"/>
  <testcase name="setDdayTest()" classname="DdayTest" time="0.003"/>
  <testcase name="deleteDdayTest()" classname="DdayTest" time="0.005"/>
  <system-out><![CDATA[c : 0, s : 0
c : 2, s : 2
c : 1, s : 0
]]></system-out>
  <system-err><![CDATA[]]></system-err>
</testsuite>
