<?xml version="1.0" encoding="UTF-8"?>
<testsuite name="BuzzerTest" tests="4" skipped="0" failures="0" errors="0" timestamp="2020-06-08T13:56:43" hostname="DESKTOP-735IB60" time="0.286">
  <properties/>
  <testcase name="turnOffBuzzer()" classname="BuzzerTest" time="0.162"/>
  <testcase name="testgetbuzzer()" classname="BuzzerTest" time="0.001"/>
  <testcase name="testonBuzzer()" classname="BuzzerTest" time="0.119"/>
  <testcase name="testsubTimeBuzzer()" classname="BuzzerTest" time="0.003"/>
  <system-out><![CDATA[]]></system-out>
  <system-err><![CDATA[]]></system-err>
</testsuite>
