<?xml version="1.0" encoding="UTF-8"?>
<testsuite name="TimerTest" tests="11" skipped="0" failures="0" errors="0" timestamp="2020-06-08T13:56:44" hostname="DESKTOP-735IB60" time="0.023">
  <properties/>
  <testcase name="stopTimertest()" classname="TimerTest" time="0.006"/>
  <testcase name="getPauseFlagtest()" classname="TimerTest" time="0.001"/>
  <testcase name="getFlagtest()" classname="TimerTest" time="0.001"/>
  <testcase name="plusTimertest()" classname="TimerTest" time="0.001"/>
  <testcase name="startTimertest()" classname="TimerTest" time="0.004"/>
  <testcase name="getCursortest()" classname="TimerTest" time="0.001"/>
  <testcase name="moveCursorTimertest()" classname="TimerTest" time="0.001"/>
  <testcase name="confirmTimertest()" classname="TimerTest" time="0.001"/>
  <testcase name="getTimerTimetest()" classname="TimerTest" time="0.001"/>
  <testcase name="setTimertest()" classname="TimerTest" time="0.001"/>
  <testcase name="pauseTimertest()" classname="TimerTest" time="0.002"/>
  <system-out><![CDATA[]]></system-out>
  <system-err><![CDATA[]]></system-err>
</testsuite>
