<?xml version="1.0" encoding="UTF-8"?>
<testsuite name="AlarmTest" tests="1" skipped="0" failures="0" errors="0" timestamp="2020-06-06T13:09:53" hostname="DESKTOP-735IB60" time="0.197">
  <properties/>
  <testcase name="testresetAlarm()" classname="AlarmTest" time="0.197"/>
  <system-out><![CDATA[]]></system-out>
  <system-err><![CDATA[]]></system-err>
</testsuite>
