<?xml version="1.0" encoding="UTF-8"?>
<testsuite name="FunctionActivatorTest" tests="8" skipped="0" failures="0" errors="0" timestamp="2020-06-19T07:55:47" hostname="LAPTOP-NPPNG1NK" time="0.561">
  <properties/>
  <testcase name="onOffFunctionTest()" classname="FunctionActivatorTest" time="0.496"/>
  <testcase name="get_active_nameTest()" classname="FunctionActivatorTest" time="0.003"/>
  <testcase name="get_modeQTest()" classname="FunctionActivatorTest" time="0.003"/>
  <testcase name="get_active_countTest()" classname="FunctionActivatorTest" time="0.005"/>
  <testcase name="get_positionTest()" classname="FunctionActivatorTest" time="0.008"/>
  <testcase name="get_activeTest()" classname="FunctionActivatorTest" time="0.003"/>
  <testcase name="confirmActiveTest()" classname="FunctionActivatorTest" time="0.004"/>
  <testcase name="nextActivateFunctionTest()" classname="FunctionActivatorTest" time="0.01"/>
  <system-out><![CDATA[]]></system-out>
  <system-err><![CDATA[]]></system-err>
</testsuite>
