<?xml version="1.0" encoding="UTF-8"?>
<testsuite name="BuzzerTest" tests="4" skipped="0" failures="0" errors="0" timestamp="2020-06-19T08:09:08" hostname="LAPTOP-NPPNG1NK" time="0.835">
  <properties/>
  <testcase name="turnOffBuzzer()" classname="BuzzerTest" time="0.781"/>
  <testcase name="testgetbuzzer()" classname="BuzzerTest" time="0.002"/>
  <testcase name="testonBuzzer()" classname="BuzzerTest" time="0.019"/>
  <testcase name="testsubTimeBuzzer()" classname="BuzzerTest" time="0.018"/>
  <system-out><![CDATA[]]></system-out>
  <system-err><![CDATA[]]></system-err>
</testsuite>
