<?xml version="1.0" encoding="UTF-8"?>
<testsuite name="DdayTest" tests="6" skipped="0" failures="0" errors="0" timestamp="2020-06-08T13:56:44" hostname="DESKTOP-735IB60" time="0.013">
  <properties/>
  <testcase name="confirmDdayTest()" classname="DdayTest" time="0.004"/>
  <testcase name="moveCursor_Dday_Test()" classname="DdayTest" time="0.001"/>
  <testcase name="showNextDdayTest()" classname="DdayTest" time="0.001"/>
  <testcase name="plusDayTest()" classname="DdayTest" time="0.001"/>
  <testcase name="setDdayTest()" classname="DdayTest" time="0.001"/>
  <testcase name="deleteDdayTest()" classname="DdayTest" time="0.001"/>
  <system-out><![CDATA[]]></system-out>
  <system-err><![CDATA[]]></system-err>
</testsuite>
