<?xml version="1.0" encoding="UTF-8"?>
<testsuite name="StopWatchTest" tests="1" skipped="0" failures="0" errors="0" timestamp="2020-06-06T11:26:57" hostname="LAPTOP-NPPNG1NK" time="1.629">
  <properties/>
  <testcase name="storeLapTimeTest()" classname="StopWatchTest" time="1.629"/>
  <system-out><![CDATA[]]></system-out>
  <system-err><![CDATA[]]></system-err>
</testsuite>
