<?xml version="1.0" encoding="UTF-8"?>
<testsuite name="StopWatchTest" tests="1" skipped="0" failures="0" errors="0" timestamp="2020-06-06T11:20:03" hostname="LAPTOP-NPPNG1NK" time="1.462">
  <properties/>
  <testcase name="stopStopWatchTest()" classname="StopWatchTest" time="1.462"/>
  <system-out><![CDATA[]]></system-out>
  <system-err><![CDATA[]]></system-err>
</testsuite>
