<?xml version="1.0" encoding="UTF-8"?>
<testsuite name="FunctionActivatorTest" tests="1" skipped="0" failures="0" errors="0" timestamp="2020-06-06T16:43:56" hostname="DESKTOP-55MJ332" time="0.026">
  <properties/>
  <testcase name="get_positionTest()" classname="FunctionActivatorTest" time="0.026"/>
  <system-out><![CDATA[]]></system-out>
  <system-err><![CDATA[]]></system-err>
</testsuite>
