<?xml version="1.0" encoding="UTF-8"?>
<testsuite name="TimeKeepingTest" tests="13" skipped="0" failures="0" errors="0" timestamp="2020-06-19T07:23:21" hostname="LAPTOP-NPPNG1NK" time="1.095">
  <properties/>
  <testcase name="setActiveFunctiontest()" classname="TimeKeepingTest" time="0.063"/>
  <testcase name="plusTime_timetest()" classname="TimeKeepingTest" time="0.469"/>
  <testcase name="confirmTimetest()" classname="TimeKeepingTest" time="0.016"/>
  <testcase name="addsecondstest()" classname="TimeKeepingTest" time="0.021"/>
  <testcase name="get_flagtest()" classname="TimeKeepingTest" time="0.023"/>
  <testcase name="getCursortest()" classname="TimeKeepingTest" time="0.018"/>
  <testcase name="gettimetest()" classname="TimeKeepingTest" time="0.025"/>
  <testcase name="moveCursorTimetest()" classname="TimeKeepingTest" time="0.158"/>
  <testcase name="setCurrentTimetest()" classname="TimeKeepingTest" time="0.021"/>
  <testcase name="showTimeKeepingtest()" classname="TimeKeepingTest" time="0.007"/>
  <testcase name="getRealTimetest()" classname="TimeKeepingTest" time="0.005"/>
  <testcase name="setddaytest()" classname="TimeKeepingTest" time="0.014"/>
  <testcase name="getddaytest()" classname="TimeKeepingTest" time="0.102"/>
  <system-out><![CDATA[]]></system-out>
  <system-err><![CDATA[]]></system-err>
</testsuite>
