<?xml version="1.0" encoding="UTF-8"?>
<testsuite name="StopWatchTest" tests="1" skipped="0" failures="0" errors="0" timestamp="2020-06-06T11:10:13" hostname="LAPTOP-NPPNG1NK" time="2.043">
  <properties/>
  <testcase name="resetStopWatchTest()" classname="StopWatchTest" time="2.043"/>
  <system-out><![CDATA[]]></system-out>
  <system-err><![CDATA[]]></system-err>
</testsuite>
