<?xml version="1.0" encoding="UTF-8"?>
<testsuite name="WorldTimeTest" tests="7" skipped="0" failures="0" errors="0" timestamp="2020-06-08T13:56:44" hostname="DESKTOP-735IB60" time="0.008">
  <properties/>
  <testcase name="changeModeTest()" classname="WorldTimeTest" time="0.002"/>
  <testcase name="get_keyTest()" classname="WorldTimeTest" time="0.001"/>
  <testcase name="confirmCountryTest()" classname="WorldTimeTest" time="0.001"/>
  <testcase name="get_valueTest()" classname="WorldTimeTest" time="0.0"/>
  <testcase name="getCursorTest()" classname="WorldTimeTest" time="0.0"/>
  <testcase name="changeCountryTest()" classname="WorldTimeTest" time="0.001"/>
  <testcase name="nextCountryTest()" classname="WorldTimeTest" time="0.001"/>
  <system-out><![CDATA[]]></system-out>
  <system-err><![CDATA[]]></system-err>
</testsuite>
