<?xml version="1.0" encoding="UTF-8"?>
<testsuite name="TimeKeepingTest" tests="13" skipped="0" failures="0" errors="0" timestamp="2020-06-19T08:25:03" hostname="LAPTOP-NPPNG1NK" time="0.48">
  <properties/>
  <testcase name="setActiveFunctiontest()" classname="TimeKeepingTest" time="0.039"/>
  <testcase name="plusTime_timetest()" classname="TimeKeepingTest" time="0.347"/>
  <testcase name="confirmTimetest()" classname="TimeKeepingTest" time="0.005"/>
  <testcase name="addsecondstest()" classname="TimeKeepingTest" time="0.002"/>
  <testcase name="get_flagtest()" classname="TimeKeepingTest" time="0.006"/>
  <testcase name="getCursortest()" classname="TimeKeepingTest" time="0.009"/>
  <testcase name="gettimetest()" classname="TimeKeepingTest" time="0.008"/>
  <testcase name="moveCursorTimetest()" classname="TimeKeepingTest" time="0.003"/>
  <testcase name="setCurrentTimetest()" classname="TimeKeepingTest" time="0.005"/>
  <testcase name="showTimeKeepingtest()" classname="TimeKeepingTest" time="0.004"/>
  <testcase name="getRealTimetest()" classname="TimeKeepingTest" time="0.003"/>
  <testcase name="setddaytest()" classname="TimeKeepingTest" time="0.002"/>
  <testcase name="getddaytest()" classname="TimeKeepingTest" time="0.003"/>
  <system-out><![CDATA[]]></system-out>
  <system-err><![CDATA[]]></system-err>
</testsuite>
